# JRE version: OpenJDK Runtime Environment Corretto-17.0.14.7.1 (17.0.14+7) (build 17.0.14+7-LTS)
# Java VM: OpenJDK 64-Bit Server VM Corretto-17.0.14.7.1 (17.0.14+7-LTS, mixed mode, sharing, tiered, compressed oops, compressed class ptrs, g1 gc, windows-amd64)
GC Precious Log:
 CPUs: 12 total, 12 available
 Memory: 5996M
 Large Page Support: Disabled
 NUMA Support: Disabled
 Compressed Oops: Enabled (32-bit)
 Heap Region Size: 1M
 Heap Min Capacity: 8M
 Heap Initial Capacity: 94M
 Heap Max Capacity: 1500M
 Pre-touch: Disabled
 Parallel Workers: 10
 Concurrent Workers: 3
 Concurrent Refinement Workers: 10
 Periodic GC: Disabled
Heap:
 garbage-first heap   total 66560K, used 45695K [0x00000000a2400000, 0x0000000100000000)
  region size 1024K, 17 young (17408K), 2 survivors (2048K)
 Metaspace       used 55599K, committed 56128K, reserved 1114112K
  class space    used 7310K, committed 7552K, reserved 1048576K
GC Heap History (20 events):
Event: 3.279 GC heap before
{Heap before GC invocations=4 (full 0):
 garbage-first heap   total 55296K, used 40345K [0x00000000a2400000, 0x0000000100000000)
  region size 1024K, 32 young (32768K), 7 survivors (7168K)
 Metaspace       used 23927K, committed 24256K, reserved 1114112K
  class space    used 3066K, committed 3200K, reserved 1048576K
}
Event: 3.287 GC heap after
{Heap after GC invocations=5 (full 0):
 garbage-first heap   total 55296K, used 16512K [0x00000000a2400000, 0x0000000100000000)
  region size 1024K, 3 young (3072K), 3 survivors (3072K)
 Metaspace       used 23927K, committed 24256K, reserved 1114112K
  class space    used 3066K, committed 3200K, reserved 1048576K
}
Event: 3.980 GC heap before
{Heap before GC invocations=5 (full 0):
 garbage-first heap   total 55296K, used 38016K [0x00000000a2400000, 0x0000000100000000)
  region size 1024K, 24 young (24576K), 3 survivors (3072K)
 Metaspace       used 27414K, committed 27840K, reserved 1114112K
  class space    used 3554K, committed 3776K, reserved 1048576K
}
Event: 3.984 GC heap after
{Heap after GC invocations=6 (full 0):
 garbage-first heap   total 55296K, used 18255K [0x00000000a2400000, 0x0000000100000000)
  region size 1024K, 2 young (2048K), 2 survivors (2048K)
 Metaspace       used 27414K, committed 27840K, reserved 1114112K
  class space    used 3554K, committed 3776K, reserved 1048576K
}
Event: 4.706 GC heap before
{Heap before GC invocations=6 (full 0):
 garbage-first heap   total 55296K, used 38735K [0x00000000a2400000, 0x0000000100000000)
  region size 1024K, 23 young (23552K), 2 survivors (2048K)
 Metaspace       used 31354K, committed 31808K, reserved 1114112K
  class space    used 4049K, committed 4224K, reserved 1048576K
}
Event: 4.711 GC heap after
{Heap after GC invocations=7 (full 0):
 garbage-first heap   total 55296K, used 20254K [0x00000000a2400000, 0x0000000100000000)
  region size 1024K, 3 young (3072K), 3 survivors (3072K)
 Metaspace       used 31354K, committed 31808K, reserved 1114112K
  class space    used 4049K, committed 4224K, reserved 1048576K
}
Event: 5.352 GC heap before
{Heap before GC invocations=7 (full 0):
 garbage-first heap   total 55296K, used 34590K [0x00000000a2400000, 0x0000000100000000)
  region size 1024K, 19 young (19456K), 3 survivors (3072K)
 Metaspace       used 35622K, committed 36096K, reserved 1114112K
  class space    used 4632K, committed 4864K, reserved 1048576K
}
Event: 5.357 GC heap after
{Heap after GC invocations=8 (full 0):
 garbage-first heap   total 55296K, used 21390K [0x00000000a2400000, 0x0000000100000000)
  region size 1024K, 2 young (2048K), 2 survivors (2048K)
 Metaspace       used 35622K, committed 36096K, reserved 1114112K
  class space    used 4632K, committed 4864K, reserved 1048576K
}
Event: 5.797 GC heap before
{Heap before GC invocations=9 (full 0):
 garbage-first heap   total 55296K, used 39822K [0x00000000a2400000, 0x0000000100000000)
  region size 1024K, 21 young (21504K), 2 survivors (2048K)
 Metaspace       used 40523K, committed 41088K, reserved 1114112K
  class space    used 5293K, committed 5568K, reserved 1048576K
}
Event: 5.802 GC heap after
{Heap after GC invocations=10 (full 0):
 garbage-first heap   total 55296K, used 24466K [0x00000000a2400000, 0x0000000100000000)
  region size 1024K, 3 young (3072K), 3 survivors (3072K)
 Metaspace       used 40523K, committed 41088K, reserved 1114112K
  class space    used 5293K, committed 5568K, reserved 1048576K
}
Event: 6.637 GC heap before
{Heap before GC invocations=10 (full 0):
 garbage-first heap   total 55296K, used 40850K [0x00000000a2400000, 0x0000000100000000)
  region size 1024K, 20 young (20480K), 3 survivors (3072K)
 Metaspace       used 44378K, committed 44800K, reserved 1114112K
  class space    used 5807K, committed 6016K, reserved 1048576K
}
Event: 6.641 GC heap after
{Heap after GC invocations=11 (full 0):
 garbage-first heap   total 66560K, used 26179K [0x00000000a2400000, 0x0000000100000000)
  region size 1024K, 2 young (2048K), 2 survivors (2048K)
 Metaspace       used 44378K, committed 44800K, reserved 1114112K
  class space    used 5807K, committed 6016K, reserved 1048576K
}
Event: 7.284 GC heap before
{Heap before GC invocations=11 (full 0):
 garbage-first heap   total 66560K, used 49731K [0x00000000a2400000, 0x0000000100000000)
  region size 1024K, 25 young (25600K), 2 survivors (2048K)
 Metaspace       used 47506K, committed 48064K, reserved 1114112K
  class space    used 6250K, committed 6528K, reserved 1048576K
}
Event: 7.289 GC heap after
{Heap after GC invocations=12 (full 0):
 garbage-first heap   total 66560K, used 28022K [0x00000000a2400000, 0x0000000100000000)
  region size 1024K, 4 young (4096K), 4 survivors (4096K)
 Metaspace       used 47506K, committed 48064K, reserved 1114112K
  class space    used 6250K, committed 6528K, reserved 1048576K
}
Event: 7.929 GC heap before
{Heap before GC invocations=12 (full 0):
 garbage-first heap   total 66560K, used 50550K [0x00000000a2400000, 0x0000000100000000)
  region size 1024K, 26 young (26624K), 4 survivors (4096K)
 Metaspace       used 50488K, committed 51008K, reserved 1114112K
  class space    used 6662K, committed 6912K, reserved 1048576K
}
Event: 7.934 GC heap after
{Heap after GC invocations=13 (full 0):
 garbage-first heap   total 66560K, used 30142K [0x00000000a2400000, 0x0000000100000000)
  region size 1024K, 4 young (4096K), 4 survivors (4096K)
 Metaspace       used 50488K, committed 51008K, reserved 1114112K
  class space    used 6662K, committed 6912K, reserved 1048576K
}
Event: 14.118 GC heap before
{Heap before GC invocations=13 (full 0):
 garbage-first heap   total 66560K, used 50622K [0x00000000a2400000, 0x0000000100000000)
  region size 1024K, 25 young (25600K), 4 survivors (4096K)
 Metaspace       used 55032K, committed 55552K, reserved 1114112K
  class space    used 7300K, committed 7552K, reserved 1048576K
}
Event: 14.128 GC heap after
{Heap after GC invocations=14 (full 0):
 garbage-first heap   total 66560K, used 31605K [0x00000000a2400000, 0x0000000100000000)
  region size 1024K, 2 young (2048K), 2 survivors (2048K)
 Metaspace       used 55032K, committed 55552K, reserved 1114112K
  class space    used 7300K, committed 7552K, reserved 1048576K
}
Event: 186.513 GC heap before
{Heap before GC invocations=14 (full 0):
 garbage-first heap   total 66560K, used 52085K [0x00000000a2400000, 0x0000000100000000)
  region size 1024K, 22 young (22528K), 2 survivors (2048K)
 Metaspace       used 55381K, committed 55936K, reserved 1114112K
  class space    used 7305K, committed 7552K, reserved 1048576K
}
Event: 186.588 GC heap after
{Heap after GC invocations=15 (full 0):
 garbage-first heap   total 66560K, used 31359K [0x00000000a2400000, 0x0000000100000000)
  region size 1024K, 2 young (2048K), 2 survivors (2048K)
 Metaspace       used 55381K, committed 55936K, reserved 1114112K
  class space    used 7305K, committed 7552K, reserved 1048576K
}

